[2021-10-25 15:40:17,508: INFO/MainProcess] beat: Starting...
[2021-10-25 15:40:17,546: WARNING/MainProcess] Reset: Timezone changed from 'Asia/New_York' to 'UTC'
[2021-10-25 15:40:27,570: INFO/MainProcess] Scheduler: Sending due task print-message-ten-seconds (print_msg_main)
[2021-10-25 15:40:37,550: INFO/MainProcess] Scheduler: Sending due task print-time-twenty-seconds (print_time)
[2021-10-25 15:40:37,585: INFO/MainProcess] Scheduler: Sending due task print-message-ten-seconds (print_msg_main)
[2021-10-25 15:40:47,598: INFO/MainProcess] Scheduler: Sending due task print-message-ten-seconds (print_msg_main)
[2021-10-25 15:40:57,554: INFO/MainProcess] Scheduler: Sending due task calculate-forty-seconds (get_calculation)
[2021-10-25 15:40:57,558: INFO/MainProcess] Scheduler: Sending due task print-time-twenty-seconds (print_time)
[2021-10-25 15:40:57,599: INFO/MainProcess] Scheduler: Sending due task print-message-ten-seconds (print_msg_main)
[2021-10-25 15:41:07,599: INFO/MainProcess] Scheduler: Sending due task print-message-ten-seconds (print_msg_main)
[2021-10-25 15:41:17,558: INFO/MainProcess] Scheduler: Sending due task print-time-twenty-seconds (print_time)
[2021-10-25 15:41:17,599: INFO/MainProcess] Scheduler: Sending due task print-message-ten-seconds (print_msg_main)
[2021-10-25 15:41:27,599: INFO/MainProcess] Scheduler: Sending due task print-message-ten-seconds (print_msg_main)
[2021-10-25 15:41:37,555: INFO/MainProcess] Scheduler: Sending due task calculate-forty-seconds (get_calculation)
[2021-10-25 15:41:37,564: INFO/MainProcess] Scheduler: Sending due task print-time-twenty-seconds (print_time)
[2021-10-25 15:41:37,599: INFO/MainProcess] Scheduler: Sending due task print-message-ten-seconds (print_msg_main)
[2021-10-25 15:41:47,600: INFO/MainProcess] Scheduler: Sending due task print-message-ten-seconds (print_msg_main)
[2021-10-25 15:41:57,564: INFO/MainProcess] Scheduler: Sending due task print-time-twenty-seconds (print_time)
[2021-10-25 15:41:57,600: INFO/MainProcess] Scheduler: Sending due task print-message-ten-seconds (print_msg_main)
[2021-10-25 15:42:07,600: INFO/MainProcess] Scheduler: Sending due task print-message-ten-seconds (print_msg_main)
[2021-10-25 15:42:17,555: INFO/MainProcess] Scheduler: Sending due task calculate-forty-seconds (get_calculation)
[2021-10-25 15:42:17,564: INFO/MainProcess] Scheduler: Sending due task print-time-twenty-seconds (print_time)
[2021-10-25 15:42:17,600: INFO/MainProcess] Scheduler: Sending due task print-message-ten-seconds (print_msg_main)
[2021-10-25 15:42:27,600: INFO/MainProcess] Scheduler: Sending due task print-message-ten-seconds (print_msg_main)
[2021-10-25 15:42:37,564: INFO/MainProcess] Scheduler: Sending due task print-time-twenty-seconds (print_time)
[2021-10-25 15:42:37,600: INFO/MainProcess] Scheduler: Sending due task print-message-ten-seconds (print_msg_main)
[2021-10-25 15:42:47,600: INFO/MainProcess] Scheduler: Sending due task print-message-ten-seconds (print_msg_main)
[2021-10-25 15:42:57,555: INFO/MainProcess] Scheduler: Sending due task calculate-forty-seconds (get_calculation)
[2021-10-25 15:42:57,564: INFO/MainProcess] Scheduler: Sending due task print-time-twenty-seconds (print_time)
[2021-10-25 15:42:57,600: INFO/MainProcess] Scheduler: Sending due task print-message-ten-seconds (print_msg_main)
[2021-10-25 15:43:07,600: INFO/MainProcess] Scheduler: Sending due task print-message-ten-seconds (print_msg_main)
[2021-10-25 15:43:17,565: INFO/MainProcess] Scheduler: Sending due task print-time-twenty-seconds (print_time)
[2021-10-25 15:43:17,600: INFO/MainProcess] Scheduler: Sending due task print-message-ten-seconds (print_msg_main)
[2021-10-25 15:43:27,600: INFO/MainProcess] Scheduler: Sending due task print-message-ten-seconds (print_msg_main)
[2021-10-25 15:43:37,555: INFO/MainProcess] Scheduler: Sending due task calculate-forty-seconds (get_calculation)
[2021-10-25 15:43:37,565: INFO/MainProcess] Scheduler: Sending due task print-time-twenty-seconds (print_time)
[2021-10-25 15:43:37,600: INFO/MainProcess] Scheduler: Sending due task print-message-ten-seconds (print_msg_main)
[2021-10-25 15:43:47,600: INFO/MainProcess] Scheduler: Sending due task print-message-ten-seconds (print_msg_main)
[2021-10-25 15:43:57,565: INFO/MainProcess] Scheduler: Sending due task print-time-twenty-seconds (print_time)
[2021-10-25 15:43:57,601: INFO/MainProcess] Scheduler: Sending due task print-message-ten-seconds (print_msg_main)
[2021-10-25 15:44:07,601: INFO/MainProcess] Scheduler: Sending due task print-message-ten-seconds (print_msg_main)
[2021-10-25 15:44:17,555: INFO/MainProcess] Scheduler: Sending due task calculate-forty-seconds (get_calculation)
[2021-10-25 15:44:17,565: INFO/MainProcess] Scheduler: Sending due task print-time-twenty-seconds (print_time)
[2021-10-25 15:44:17,601: INFO/MainProcess] Scheduler: Sending due task print-message-ten-seconds (print_msg_main)
[2021-10-25 15:44:27,601: INFO/MainProcess] Scheduler: Sending due task print-message-ten-seconds (print_msg_main)
[2021-10-25 15:44:37,570: INFO/MainProcess] Scheduler: Sending due task print-time-twenty-seconds (print_time)
[2021-10-25 15:44:37,601: INFO/MainProcess] Scheduler: Sending due task print-message-ten-seconds (print_msg_main)
[2021-10-25 15:44:47,601: INFO/MainProcess] Scheduler: Sending due task print-message-ten-seconds (print_msg_main)
[2021-10-25 15:44:57,555: INFO/MainProcess] Scheduler: Sending due task calculate-forty-seconds (get_calculation)
[2021-10-25 15:44:57,568: INFO/MainProcess] Scheduler: Sending due task print-time-twenty-seconds (print_time)
[2021-10-25 15:44:57,601: INFO/MainProcess] Scheduler: Sending due task print-message-ten-seconds (print_msg_main)
[2021-10-25 15:45:07,601: INFO/MainProcess] Scheduler: Sending due task print-message-ten-seconds (print_msg_main)
[2021-10-25 15:45:17,568: INFO/MainProcess] Scheduler: Sending due task print-time-twenty-seconds (print_time)
[2021-10-25 15:45:17,601: INFO/MainProcess] Scheduler: Sending due task print-message-ten-seconds (print_msg_main)
[2021-10-25 15:45:27,601: INFO/MainProcess] Scheduler: Sending due task print-message-ten-seconds (print_msg_main)
[2021-10-25 15:45:37,555: INFO/MainProcess] Scheduler: Sending due task calculate-forty-seconds (get_calculation)
[2021-10-25 15:45:37,568: INFO/MainProcess] Scheduler: Sending due task print-time-twenty-seconds (print_time)
[2021-10-25 15:45:37,601: INFO/MainProcess] Scheduler: Sending due task print-message-ten-seconds (print_msg_main)
[2021-10-25 15:45:47,601: INFO/MainProcess] Scheduler: Sending due task print-message-ten-seconds (print_msg_main)
[2021-10-25 15:45:57,568: INFO/MainProcess] Scheduler: Sending due task print-time-twenty-seconds (print_time)
[2021-10-25 15:45:57,601: INFO/MainProcess] Scheduler: Sending due task print-message-ten-seconds (print_msg_main)
[2021-10-25 15:46:07,601: INFO/MainProcess] Scheduler: Sending due task print-message-ten-seconds (print_msg_main)
[2021-10-25 15:46:17,555: INFO/MainProcess] Scheduler: Sending due task calculate-forty-seconds (get_calculation)
[2021-10-25 15:46:17,568: INFO/MainProcess] Scheduler: Sending due task print-time-twenty-seconds (print_time)
[2021-10-25 15:46:17,601: INFO/MainProcess] Scheduler: Sending due task print-message-ten-seconds (print_msg_main)
[2021-10-25 15:46:27,601: INFO/MainProcess] Scheduler: Sending due task print-message-ten-seconds (print_msg_main)
[2021-10-25 15:46:37,568: INFO/MainProcess] Scheduler: Sending due task print-time-twenty-seconds (print_time)
[2021-10-25 15:46:37,601: INFO/MainProcess] Scheduler: Sending due task print-message-ten-seconds (print_msg_main)
[2021-10-25 15:46:47,602: INFO/MainProcess] Scheduler: Sending due task print-message-ten-seconds (print_msg_main)
[2021-10-25 15:46:57,555: INFO/MainProcess] Scheduler: Sending due task calculate-forty-seconds (get_calculation)
[2021-10-25 15:46:57,568: INFO/MainProcess] Scheduler: Sending due task print-time-twenty-seconds (print_time)
[2021-10-25 15:46:57,602: INFO/MainProcess] Scheduler: Sending due task print-message-ten-seconds (print_msg_main)
[2021-10-25 15:47:07,602: INFO/MainProcess] Scheduler: Sending due task print-message-ten-seconds (print_msg_main)
[2021-10-25 15:47:17,568: INFO/MainProcess] Scheduler: Sending due task print-time-twenty-seconds (print_time)
[2021-10-25 15:47:17,602: INFO/MainProcess] Scheduler: Sending due task print-message-ten-seconds (print_msg_main)
[2021-10-25 15:47:27,602: INFO/MainProcess] Scheduler: Sending due task print-message-ten-seconds (print_msg_main)
[2021-10-25 15:47:37,556: INFO/MainProcess] Scheduler: Sending due task calculate-forty-seconds (get_calculation)
[2021-10-25 15:47:37,568: INFO/MainProcess] Scheduler: Sending due task print-time-twenty-seconds (print_time)
[2021-10-25 15:47:37,602: INFO/MainProcess] Scheduler: Sending due task print-message-ten-seconds (print_msg_main)
[2021-10-25 15:47:47,602: INFO/MainProcess] Scheduler: Sending due task print-message-ten-seconds (print_msg_main)
[2021-10-25 15:47:57,568: INFO/MainProcess] Scheduler: Sending due task print-time-twenty-seconds (print_time)
[2021-10-25 15:47:57,602: INFO/MainProcess] Scheduler: Sending due task print-message-ten-seconds (print_msg_main)
[2021-10-25 15:48:07,602: INFO/MainProcess] Scheduler: Sending due task print-message-ten-seconds (print_msg_main)
[2021-10-25 15:48:17,555: INFO/MainProcess] Scheduler: Sending due task calculate-forty-seconds (get_calculation)
[2021-10-25 15:48:17,568: INFO/MainProcess] Scheduler: Sending due task print-time-twenty-seconds (print_time)
[2021-10-25 15:48:17,602: INFO/MainProcess] Scheduler: Sending due task print-message-ten-seconds (print_msg_main)
[2021-10-25 15:48:27,602: INFO/MainProcess] Scheduler: Sending due task print-message-ten-seconds (print_msg_main)
[2021-10-25 15:48:37,568: INFO/MainProcess] Scheduler: Sending due task print-time-twenty-seconds (print_time)
[2021-10-25 15:48:37,602: INFO/MainProcess] Scheduler: Sending due task print-message-ten-seconds (print_msg_main)
[2021-10-25 15:48:47,602: INFO/MainProcess] Scheduler: Sending due task print-message-ten-seconds (print_msg_main)
[2021-10-25 15:48:57,556: INFO/MainProcess] Scheduler: Sending due task calculate-forty-seconds (get_calculation)
[2021-10-25 15:48:57,568: INFO/MainProcess] Scheduler: Sending due task print-time-twenty-seconds (print_time)
[2021-10-25 15:48:57,602: INFO/MainProcess] Scheduler: Sending due task print-message-ten-seconds (print_msg_main)
[2021-10-25 15:49:07,602: INFO/MainProcess] Scheduler: Sending due task print-message-ten-seconds (print_msg_main)
[2021-10-25 15:49:17,569: INFO/MainProcess] Scheduler: Sending due task print-time-twenty-seconds (print_time)
[2021-10-25 15:49:17,603: INFO/MainProcess] Scheduler: Sending due task print-message-ten-seconds (print_msg_main)
[2021-10-25 15:49:27,603: INFO/MainProcess] Scheduler: Sending due task print-message-ten-seconds (print_msg_main)
[2021-10-25 15:49:37,556: INFO/MainProcess] Scheduler: Sending due task calculate-forty-seconds (get_calculation)
[2021-10-25 15:49:37,569: INFO/MainProcess] Scheduler: Sending due task print-time-twenty-seconds (print_time)
[2021-10-25 15:49:37,603: INFO/MainProcess] Scheduler: Sending due task print-message-ten-seconds (print_msg_main)
[2021-10-25 15:49:47,603: INFO/MainProcess] Scheduler: Sending due task print-message-ten-seconds (print_msg_main)
[2021-10-25 15:49:57,569: INFO/MainProcess] Scheduler: Sending due task print-time-twenty-seconds (print_time)
[2021-10-25 15:49:57,603: INFO/MainProcess] Scheduler: Sending due task print-message-ten-seconds (print_msg_main)
[2021-10-25 15:50:07,603: INFO/MainProcess] Scheduler: Sending due task print-message-ten-seconds (print_msg_main)
[2021-10-25 15:50:17,556: INFO/MainProcess] Scheduler: Sending due task calculate-forty-seconds (get_calculation)
[2021-10-25 15:50:17,569: INFO/MainProcess] Scheduler: Sending due task print-time-twenty-seconds (print_time)
[2021-10-25 15:50:17,603: INFO/MainProcess] Scheduler: Sending due task print-message-ten-seconds (print_msg_main)
[2021-10-25 15:50:27,604: INFO/MainProcess] Scheduler: Sending due task print-message-ten-seconds (print_msg_main)
[2021-10-25 15:50:37,569: INFO/MainProcess] Scheduler: Sending due task print-time-twenty-seconds (print_time)
[2021-10-25 15:50:37,604: INFO/MainProcess] Scheduler: Sending due task print-message-ten-seconds (print_msg_main)
[2021-10-25 15:50:47,604: INFO/MainProcess] Scheduler: Sending due task print-message-ten-seconds (print_msg_main)
[2021-10-25 15:50:57,556: INFO/MainProcess] Scheduler: Sending due task calculate-forty-seconds (get_calculation)
[2021-10-25 15:50:57,569: INFO/MainProcess] Scheduler: Sending due task print-time-twenty-seconds (print_time)
[2021-10-25 15:50:57,604: INFO/MainProcess] Scheduler: Sending due task print-message-ten-seconds (print_msg_main)
[2021-10-25 15:51:07,604: INFO/MainProcess] Scheduler: Sending due task print-message-ten-seconds (print_msg_main)
[2021-10-25 15:51:17,569: INFO/MainProcess] Scheduler: Sending due task print-time-twenty-seconds (print_time)
[2021-10-25 15:51:17,604: INFO/MainProcess] Scheduler: Sending due task print-message-ten-seconds (print_msg_main)
[2021-10-25 15:51:27,604: INFO/MainProcess] Scheduler: Sending due task print-message-ten-seconds (print_msg_main)
[2021-10-25 15:51:37,556: INFO/MainProcess] Scheduler: Sending due task calculate-forty-seconds (get_calculation)
[2021-10-25 15:51:37,569: INFO/MainProcess] Scheduler: Sending due task print-time-twenty-seconds (print_time)
[2021-10-25 15:51:37,604: INFO/MainProcess] Scheduler: Sending due task print-message-ten-seconds (print_msg_main)
[2021-10-25 15:51:47,604: INFO/MainProcess] Scheduler: Sending due task print-message-ten-seconds (print_msg_main)
[2021-10-25 15:51:57,569: INFO/MainProcess] Scheduler: Sending due task print-time-twenty-seconds (print_time)
[2021-10-25 15:51:57,604: INFO/MainProcess] Scheduler: Sending due task print-message-ten-seconds (print_msg_main)
[2021-10-25 15:52:07,604: INFO/MainProcess] Scheduler: Sending due task print-message-ten-seconds (print_msg_main)
[2021-10-25 15:52:17,556: INFO/MainProcess] Scheduler: Sending due task calculate-forty-seconds (get_calculation)
[2021-10-25 15:52:17,569: INFO/MainProcess] Scheduler: Sending due task print-time-twenty-seconds (print_time)
[2021-10-25 15:52:17,604: INFO/MainProcess] Scheduler: Sending due task print-message-ten-seconds (print_msg_main)
[2021-10-25 15:52:27,604: INFO/MainProcess] Scheduler: Sending due task print-message-ten-seconds (print_msg_main)
[2021-10-25 15:52:37,569: INFO/MainProcess] Scheduler: Sending due task print-time-twenty-seconds (print_time)
[2021-10-25 15:52:37,604: INFO/MainProcess] Scheduler: Sending due task print-message-ten-seconds (print_msg_main)
[2021-10-25 15:52:47,604: INFO/MainProcess] Scheduler: Sending due task print-message-ten-seconds (print_msg_main)
[2021-10-25 15:52:57,556: INFO/MainProcess] Scheduler: Sending due task calculate-forty-seconds (get_calculation)
[2021-10-25 15:52:57,569: INFO/MainProcess] Scheduler: Sending due task print-time-twenty-seconds (print_time)
[2021-10-25 15:52:57,605: INFO/MainProcess] Scheduler: Sending due task print-message-ten-seconds (print_msg_main)
[2021-10-25 15:53:07,605: INFO/MainProcess] Scheduler: Sending due task print-message-ten-seconds (print_msg_main)
[2021-10-25 15:53:17,570: INFO/MainProcess] Scheduler: Sending due task print-time-twenty-seconds (print_time)
[2021-10-25 15:53:17,605: INFO/MainProcess] Scheduler: Sending due task print-message-ten-seconds (print_msg_main)
[2021-10-25 15:53:27,605: INFO/MainProcess] Scheduler: Sending due task print-message-ten-seconds (print_msg_main)
[2021-10-25 15:53:37,556: INFO/MainProcess] Scheduler: Sending due task calculate-forty-seconds (get_calculation)
[2021-10-25 15:53:37,570: INFO/MainProcess] Scheduler: Sending due task print-time-twenty-seconds (print_time)
[2021-10-25 15:53:37,605: INFO/MainProcess] Scheduler: Sending due task print-message-ten-seconds (print_msg_main)
[2021-10-25 15:53:47,605: INFO/MainProcess] Scheduler: Sending due task print-message-ten-seconds (print_msg_main)
[2021-10-25 15:53:57,570: INFO/MainProcess] Scheduler: Sending due task print-time-twenty-seconds (print_time)
[2021-10-25 15:53:57,605: INFO/MainProcess] Scheduler: Sending due task print-message-ten-seconds (print_msg_main)
[2021-10-25 15:54:07,605: INFO/MainProcess] Scheduler: Sending due task print-message-ten-seconds (print_msg_main)
[2021-10-25 15:54:17,556: INFO/MainProcess] Scheduler: Sending due task calculate-forty-seconds (get_calculation)
[2021-10-25 15:54:17,570: INFO/MainProcess] Scheduler: Sending due task print-time-twenty-seconds (print_time)
[2021-10-25 15:54:17,605: INFO/MainProcess] Scheduler: Sending due task print-message-ten-seconds (print_msg_main)
